<?xml version="1.0" encoding="UTF-8"?>
<coverage generated="1643664810853" clover="3.2.0">
  <project timestamp="1643664810854" name="All files">
    <metrics statements="41" coveredstatements="39" conditionals="45" coveredconditionals="40" methods="20" coveredmethods="19" elements="106" coveredelements="98" complexity="0" loc="41" ncloc="41" packages="1" files="6" classes="6"/>
    <file name="ChatScroller.js" path="/home/matt/Programming/react-dialogue-tree/src/ChatScroller.js">
      <metrics statements="10" coveredstatements="8" conditionals="7" coveredconditionals="3" methods="3" coveredmethods="2"/>
      <line num="8" count="8" type="stmt"/>
      <line num="10" count="8" type="stmt"/>
      <line num="11" count="8" type="cond" truecount="3" falsecount="1"/>
      <line num="13" count="8" type="stmt"/>
      <line num="19" count="8" type="stmt"/>
      <line num="20" count="0" type="stmt"/>
      <line num="21" count="0" type="cond" truecount="0" falsecount="2"/>
      <line num="24" count="8" type="stmt"/>
      <line num="27" count="8" type="stmt"/>
      <line num="42" count="1" type="stmt"/>
    </file>
    <file name="DialogueNode.js" path="/home/matt/Programming/react-dialogue-tree/src/DialogueNode.js">
      <metrics statements="11" coveredstatements="11" conditionals="26" coveredconditionals="25" methods="6" coveredmethods="6"/>
      <line num="14" count="22" type="cond" truecount="4" falsecount="0"/>
      <line num="15" count="5" type="stmt"/>
      <line num="23" count="5" type="stmt"/>
      <line num="26" count="17" type="cond" truecount="2" falsecount="0"/>
      <line num="27" count="5" type="stmt"/>
      <line num="28" count="15" type="cond" truecount="2" falsecount="0"/>
      <line num="29" count="7" type="stmt"/>
      <line num="36" count="1" type="stmt"/>
      <line num="41" count="22" type="stmt"/>
      <line num="51" count="12" type="stmt"/>
      <line num="66" count="1" type="stmt"/>
    </file>
    <file name="DialogueTree.js" path="/home/matt/Programming/react-dialogue-tree/src/DialogueTree.js">
      <metrics statements="5" coveredstatements="5" conditionals="4" coveredconditionals="4" methods="2" coveredmethods="2"/>
      <line num="13" count="8" type="cond" truecount="2" falsecount="0"/>
      <line num="14" count="8" type="stmt"/>
      <line num="17" count="22" type="cond" truecount="2" falsecount="0"/>
      <line num="38" count="1" type="stmt"/>
      <line num="48" count="1" type="stmt"/>
    </file>
    <file name="DialogueTreeContainer.js" path="/home/matt/Programming/react-dialogue-tree/src/DialogueTreeContainer.js">
      <metrics statements="13" coveredstatements="13" conditionals="8" coveredconditionals="8" methods="6" coveredmethods="6"/>
      <line num="19" count="8" type="stmt"/>
      <line num="29" count="8" type="stmt"/>
      <line num="30" count="3" type="stmt"/>
      <line num="31" count="3" type="stmt"/>
      <line num="32" count="3" type="stmt"/>
      <line num="35" count="8" type="stmt"/>
      <line num="37" count="8" type="stmt"/>
      <line num="38" count="6" type="stmt"/>
      <line num="39" count="6" type="stmt"/>
      <line num="40" count="6" type="cond" truecount="2" falsecount="0"/>
      <line num="41" count="2" type="stmt"/>
      <line num="45" count="8" type="stmt"/>
      <line num="57" count="1" type="stmt"/>
    </file>
    <file name="index.js" path="/home/matt/Programming/react-dialogue-tree/src/index.js">
      <metrics statements="0" coveredstatements="0" conditionals="0" coveredconditionals="0" methods="0" coveredmethods="0"/>
    </file>
    <file name="use-force-update.js" path="/home/matt/Programming/react-dialogue-tree/src/use-force-update.js">
      <metrics statements="2" coveredstatements="2" conditionals="0" coveredconditionals="0" methods="3" coveredmethods="3"/>
      <line num="4" count="8" type="stmt"/>
      <line num="5" count="8" type="stmt"/>
    </file>
  </project>
</coverage>
