{"/home/matt/Programming/react-dialogue-tree/src/ChatScroller.js": {"path":"/home/matt/Programming/react-dialogue-tree/src/ChatScroller.js","statementMap":{"0":{"start":{"line":4,"column":19},"end":{"line":4,"column":27}},"1":{"start":{"line":6,"column":2},"end":{"line":21,"column":29}},"2":{"start":{"line":7,"column":4},"end":{"line":7,"column":64}},"3":{"start":{"line":7,"column":58},"end":{"line":7,"column":64}},"4":{"start":{"line":9,"column":22},"end":{"line":13,"column":7}},"5":{"start":{"line":15,"column":20},"end":{"line":18,"column":5}},"6":{"start":{"line":16,"column":6},"end":{"line":16,"column":47}},"7":{"start":{"line":17,"column":6},"end":{"line":17,"column":80}},"8":{"start":{"line":17,"column":50},"end":{"line":17,"column":80}},"9":{"start":{"line":20,"column":4},"end":{"line":20,"column":34}},"10":{"start":{"line":23,"column":2},"end":{"line":35,"column":3}}},"fnMap":{"0":{"name":"ChatScroller","decl":{"start":{"line":3,"column":24},"end":{"line":3,"column":36}},"loc":{"start":{"line":3,"column":69},"end":{"line":36,"column":1}},"line":3},"1":{"name":"(anonymous_1)","decl":{"start":{"line":6,"column":12},"end":{"line":6,"column":13}},"loc":{"start":{"line":6,"column":18},"end":{"line":21,"column":3}},"line":6},"2":{"name":"(anonymous_2)","decl":{"start":{"line":15,"column":20},"end":{"line":15,"column":21}},"loc":{"start":{"line":15,"column":26},"end":{"line":18,"column":5}},"line":15}},"branchMap":{"0":{"loc":{"start":{"line":3,"column":50},"end":{"line":3,"column":65}},"type":"default-arg","locations":[{"start":{"line":3,"column":64},"end":{"line":3,"column":65}}],"line":3},"1":{"loc":{"start":{"line":7,"column":4},"end":{"line":7,"column":64}},"type":"if","locations":[{"start":{"line":7,"column":4},"end":{"line":7,"column":64}},{"start":{},"end":{}}],"line":7},"2":{"loc":{"start":{"line":7,"column":8},"end":{"line":7,"column":56}},"type":"binary-expr","locations":[{"start":{"line":7,"column":8},"end":{"line":7,"column":25}},{"start":{"line":7,"column":29},"end":{"line":7,"column":56}}],"line":7},"3":{"loc":{"start":{"line":17,"column":6},"end":{"line":17,"column":80}},"type":"if","locations":[{"start":{"line":17,"column":6},"end":{"line":17,"column":80}},{"start":{},"end":{}}],"line":17}},"s":{"0":8,"1":8,"2":8,"3":0,"4":8,"5":8,"6":0,"7":0,"8":0,"9":8,"10":8},"f":{"0":8,"1":8,"2":0},"b":{"0":[0],"1":[0,8],"2":[8,8],"3":[0,0]},"_coverageSchema":"1a1c01bbd47fc00a2c39e90264f33305004495a9","hash":"1d7046278e84e302bdf2fbab64bd55234a60c9e8"}
,"/home/matt/Programming/react-dialogue-tree/src/DialogueNode.js": {"path":"/home/matt/Programming/react-dialogue-tree/src/DialogueNode.js","statementMap":{"0":{"start":{"line":14,"column":2},"end":{"line":36,"column":3}},"1":{"start":{"line":15,"column":4},"end":{"line":28,"column":8}},"2":{"start":{"line":16,"column":33},"end":{"line":16,"column":65}},"3":{"start":{"line":18,"column":8},"end":{"line":27,"column":13}},"4":{"start":{"line":24,"column":62},"end":{"line":24,"column":76}},"5":{"start":{"line":30,"column":4},"end":{"line":35,"column":9}},"6":{"start":{"line":38,"column":2},"end":{"line":49,"column":3}}},"fnMap":{"0":{"name":"DialogueNode","decl":{"start":{"line":3,"column":24},"end":{"line":3,"column":36}},"loc":{"start":{"line":12,"column":3},"end":{"line":50,"column":1}},"line":12},"1":{"name":"(anonymous_1)","decl":{"start":{"line":16,"column":14},"end":{"line":16,"column":15}},"loc":{"start":{"line":16,"column":33},"end":{"line":16,"column":65}},"line":16},"2":{"name":"(anonymous_2)","decl":{"start":{"line":17,"column":11},"end":{"line":17,"column":12}},"loc":{"start":{"line":18,"column":8},"end":{"line":27,"column":13}},"line":18},"3":{"name":"(anonymous_3)","decl":{"start":{"line":24,"column":54},"end":{"line":24,"column":55}},"loc":{"start":{"line":24,"column":60},"end":{"line":24,"column":78}},"line":24}},"branchMap":{"0":{"loc":{"start":{"line":14,"column":2},"end":{"line":36,"column":3}},"type":"if","locations":[{"start":{"line":14,"column":2},"end":{"line":36,"column":3}},{"start":{"line":29,"column":9},"end":{"line":36,"column":3}}],"line":14},"1":{"loc":{"start":{"line":16,"column":33},"end":{"line":16,"column":65}},"type":"binary-expr","locations":[{"start":{"line":16,"column":33},"end":{"line":16,"column":43}},{"start":{"line":16,"column":47},"end":{"line":16,"column":65}}],"line":16},"2":{"loc":{"start":{"line":22,"column":12},"end":{"line":22,"column":68}},"type":"binary-expr","locations":[{"start":{"line":22,"column":12},"end":{"line":22,"column":31}},{"start":{"line":22,"column":35},"end":{"line":22,"column":68}}],"line":22},"3":{"loc":{"start":{"line":24,"column":19},"end":{"line":24,"column":90}},"type":"cond-expr","locations":[{"start":{"line":24,"column":54},"end":{"line":24,"column":78}},{"start":{"line":24,"column":81},"end":{"line":24,"column":90}}],"line":24},"4":{"loc":{"start":{"line":24,"column":19},"end":{"line":24,"column":51}},"type":"binary-expr","locations":[{"start":{"line":24,"column":19},"end":{"line":24,"column":29}},{"start":{"line":24,"column":33},"end":{"line":24,"column":51}}],"line":24},"5":{"loc":{"start":{"line":30,"column":18},"end":{"line":35,"column":9}},"type":"binary-expr","locations":[{"start":{"line":30,"column":18},"end":{"line":30,"column":28}},{"start":{"line":30,"column":32},"end":{"line":35,"column":9}}],"line":30},"6":{"loc":{"start":{"line":34,"column":8},"end":{"line":34,"column":51}},"type":"cond-expr","locations":[{"start":{"line":34,"column":24},"end":{"line":34,"column":35}},{"start":{"line":34,"column":38},"end":{"line":34,"column":51}}],"line":34},"7":{"loc":{"start":{"line":42,"column":8},"end":{"line":46,"column":9}},"type":"binary-expr","locations":[{"start":{"line":42,"column":8},"end":{"line":42,"column":19}},{"start":{"line":43,"column":10},"end":{"line":45,"column":15}}],"line":42}},"s":{"0":22,"1":5,"2":15,"3":7,"4":1,"5":17,"6":22},"f":{"0":22,"1":15,"2":7,"3":1},"b":{"0":[5,17],"1":[15,12],"2":[7,1],"3":[2,5],"4":[7,3],"5":[17,5],"6":[2,3],"7":[22,10]},"_coverageSchema":"1a1c01bbd47fc00a2c39e90264f33305004495a9","hash":"e6712d5d50b026d180438ddfd55ddc8857f8f30e"}
,"/home/matt/Programming/react-dialogue-tree/src/DialogueTree.js": {"path":"/home/matt/Programming/react-dialogue-tree/src/DialogueTree.js","statementMap":{"0":{"start":{"line":12,"column":16},"end":{"line":12,"column":69}},"1":{"start":{"line":13,"column":2},"end":{"line":31,"column":3}},"2":{"start":{"line":16,"column":36},"end":{"line":28,"column":9}}},"fnMap":{"0":{"name":"DialogueTree","decl":{"start":{"line":5,"column":24},"end":{"line":5,"column":36}},"loc":{"start":{"line":11,"column":3},"end":{"line":32,"column":1}},"line":11},"1":{"name":"(anonymous_1)","decl":{"start":{"line":16,"column":19},"end":{"line":16,"column":20}},"loc":{"start":{"line":16,"column":36},"end":{"line":28,"column":9}},"line":16}},"branchMap":{"0":{"loc":{"start":{"line":12,"column":16},"end":{"line":12,"column":69}},"type":"cond-expr","locations":[{"start":{"line":12,"column":32},"end":{"line":12,"column":59}},{"start":{"line":12,"column":62},"end":{"line":12,"column":69}}],"line":12},"1":{"loc":{"start":{"line":16,"column":36},"end":{"line":28,"column":9}},"type":"binary-expr","locations":[{"start":{"line":16,"column":36},"end":{"line":16,"column":40}},{"start":{"line":17,"column":10},"end":{"line":27,"column":16}}],"line":16}},"s":{"0":8,"1":8,"2":22},"f":{"0":8,"1":22},"b":{"0":[6,2],"1":[22,22]},"_coverageSchema":"1a1c01bbd47fc00a2c39e90264f33305004495a9","hash":"0763dac20ed957b8dfaf047e91ad00aa37bc2e09"}
,"/home/matt/Programming/react-dialogue-tree/src/DialogueTreeContainer.js": {"path":"/home/matt/Programming/react-dialogue-tree/src/DialogueTreeContainer.js","statementMap":{"0":{"start":{"line":17,"column":17},"end":{"line":24,"column":17}},"1":{"start":{"line":17,"column":31},"end":{"line":24,"column":4}},"2":{"start":{"line":26,"column":2},"end":{"line":30,"column":68}},"3":{"start":{"line":27,"column":4},"end":{"line":27,"column":70}},"4":{"start":{"line":28,"column":4},"end":{"line":28,"column":40}},"5":{"start":{"line":29,"column":4},"end":{"line":29,"column":44}},"6":{"start":{"line":32,"column":22},"end":{"line":32,"column":38}},"7":{"start":{"line":34,"column":18},"end":{"line":40,"column":14}},"8":{"start":{"line":35,"column":4},"end":{"line":35,"column":31}},"9":{"start":{"line":36,"column":4},"end":{"line":36,"column":17}},"10":{"start":{"line":37,"column":4},"end":{"line":39,"column":5}},"11":{"start":{"line":38,"column":6},"end":{"line":38,"column":21}},"12":{"start":{"line":42,"column":2},"end":{"line":51,"column":3}}},"fnMap":{"0":{"name":"DialogueTreeContainer","decl":{"start":{"line":6,"column":24},"end":{"line":6,"column":45}},"loc":{"start":{"line":16,"column":3},"end":{"line":52,"column":1}},"line":16},"1":{"name":"(anonymous_1)","decl":{"start":{"line":11,"column":18},"end":{"line":11,"column":19}},"loc":{"start":{"line":11,"column":24},"end":{"line":11,"column":26}},"line":11},"2":{"name":"(anonymous_2)","decl":{"start":{"line":13,"column":18},"end":{"line":13,"column":19}},"loc":{"start":{"line":13,"column":24},"end":{"line":13,"column":26}},"line":13},"3":{"name":"(anonymous_3)","decl":{"start":{"line":17,"column":25},"end":{"line":17,"column":26}},"loc":{"start":{"line":17,"column":31},"end":{"line":24,"column":4}},"line":17},"4":{"name":"(anonymous_4)","decl":{"start":{"line":26,"column":12},"end":{"line":26,"column":13}},"loc":{"start":{"line":26,"column":18},"end":{"line":30,"column":3}},"line":26},"5":{"name":"(anonymous_5)","decl":{"start":{"line":34,"column":30},"end":{"line":34,"column":31}},"loc":{"start":{"line":34,"column":47},"end":{"line":40,"column":3}},"line":34}},"branchMap":{"0":{"loc":{"start":{"line":8,"column":2},"end":{"line":8,"column":19}},"type":"default-arg","locations":[{"start":{"line":8,"column":12},"end":{"line":8,"column":19}}],"line":8},"1":{"loc":{"start":{"line":11,"column":2},"end":{"line":11,"column":26}},"type":"default-arg","locations":[{"start":{"line":11,"column":18},"end":{"line":11,"column":26}}],"line":11},"2":{"loc":{"start":{"line":12,"column":2},"end":{"line":12,"column":37}},"type":"default-arg","locations":[{"start":{"line":12,"column":33},"end":{"line":12,"column":37}}],"line":12},"3":{"loc":{"start":{"line":13,"column":2},"end":{"line":13,"column":26}},"type":"default-arg","locations":[{"start":{"line":13,"column":18},"end":{"line":13,"column":26}}],"line":13},"4":{"loc":{"start":{"line":14,"column":2},"end":{"line":14,"column":24}},"type":"default-arg","locations":[{"start":{"line":14,"column":18},"end":{"line":14,"column":24}}],"line":14},"5":{"loc":{"start":{"line":15,"column":2},"end":{"line":15,"column":21}},"type":"default-arg","locations":[{"start":{"line":15,"column":16},"end":{"line":15,"column":21}}],"line":15},"6":{"loc":{"start":{"line":37,"column":4},"end":{"line":39,"column":5}},"type":"if","locations":[{"start":{"line":37,"column":4},"end":{"line":39,"column":5}},{"start":{},"end":{}}],"line":37}},"s":{"0":8,"1":2,"2":8,"3":3,"4":3,"5":3,"6":8,"7":8,"8":6,"9":6,"10":6,"11":2,"12":8},"f":{"0":8,"1":1,"2":1,"3":2,"4":3,"5":6},"b":{"0":[8],"1":[2],"2":[8],"3":[2],"4":[8],"5":[8],"6":[2,4]},"_coverageSchema":"1a1c01bbd47fc00a2c39e90264f33305004495a9","hash":"40a6d4bdcd0dcc4c30daa37bf82366e6c8a39f40"}
,"/home/matt/Programming/react-dialogue-tree/src/use-force-update.js": {"path":"/home/matt/Programming/react-dialogue-tree/src/use-force-update.js","statementMap":{"0":{"start":{"line":4,"column":28},"end":{"line":4,"column":39}},"1":{"start":{"line":5,"column":2},"end":{"line":5,"column":43}},"2":{"start":{"line":5,"column":15},"end":{"line":5,"column":43}},"3":{"start":{"line":5,"column":33},"end":{"line":5,"column":42}}},"fnMap":{"0":{"name":"useForceUpdate","decl":{"start":{"line":3,"column":24},"end":{"line":3,"column":38}},"loc":{"start":{"line":3,"column":42},"end":{"line":6,"column":1}},"line":3},"1":{"name":"(anonymous_1)","decl":{"start":{"line":5,"column":9},"end":{"line":5,"column":10}},"loc":{"start":{"line":5,"column":15},"end":{"line":5,"column":43}},"line":5},"2":{"name":"(anonymous_2)","decl":{"start":{"line":5,"column":24},"end":{"line":5,"column":25}},"loc":{"start":{"line":5,"column":33},"end":{"line":5,"column":42}},"line":5}},"branchMap":{},"s":{"0":8,"1":8,"2":6,"3":6},"f":{"0":8,"1":6,"2":6},"b":{},"_coverageSchema":"1a1c01bbd47fc00a2c39e90264f33305004495a9","hash":"c9d37fced9504377a0bac34e6f89cc1a8d4fae41"}
}
