TN:
SF:src/ChatScroller.js
FN:4,ChatScroller
FN:10,(anonymous_1)
FN:19,(anonymous_2)
FNF:3
FNH:2
FNDA:8,ChatScroller
FNDA:8,(anonymous_1)
FNDA:0,(anonymous_2)
DA:8,8
DA:10,8
DA:11,8
DA:13,8
DA:19,8
DA:20,0
DA:21,0
DA:24,8
DA:27,8
DA:42,1
LF:10
LH:8
BRDA:6,0,0,0
BRDA:11,1,0,0
BRDA:11,1,1,8
BRDA:11,2,0,8
BRDA:11,2,1,8
BRDA:21,3,0,0
BRDA:21,3,1,0
BRF:7
BRH:3
end_of_record
TN:
SF:src/DialogueNode.js
FN:4,DialogueNode
FN:23,(anonymous_1)
FN:28,(anonymous_2)
FN:29,(anonymous_3)
FN:36,(anonymous_4)
FN:50,(anonymous_5)
FNF:6
FNH:6
FNDA:22,DialogueNode
FNDA:5,(anonymous_1)
FNDA:15,(anonymous_2)
FNDA:7,(anonymous_3)
FNDA:1,(anonymous_4)
FNDA:12,(anonymous_5)
DA:14,22
DA:15,5
DA:23,5
DA:26,17
DA:27,5
DA:28,15
DA:29,7
DA:36,1
DA:41,22
DA:51,12
DA:66,1
LF:11
LH:11
BRDA:14,0,0,5
BRDA:14,0,1,17
BRDA:14,1,0,22
BRDA:14,1,1,17
BRDA:16,2,0,2
BRDA:16,2,1,3
BRDA:19,3,0,5
BRDA:19,3,1,2
BRDA:20,4,0,5
BRDA:20,4,1,3
BRDA:22,5,0,5
BRDA:22,5,1,0
BRDA:26,6,0,5
BRDA:26,6,1,12
BRDA:28,7,0,15
BRDA:28,7,1,12
BRDA:33,8,0,7
BRDA:33,8,1,1
BRDA:35,9,0,2
BRDA:35,9,1,5
BRDA:35,10,0,7
BRDA:35,10,1,3
BRDA:44,11,0,22
BRDA:44,11,1,16
BRDA:47,12,0,22
BRDA:47,12,1,10
BRF:26
BRH:25
end_of_record
TN:
SF:src/DialogueTree.js
FN:6,DialogueTree
FN:17,(anonymous_1)
FNF:2
FNH:2
FNDA:8,DialogueTree
FNDA:22,(anonymous_1)
DA:13,8
DA:14,8
DA:17,22
DA:38,1
DA:48,1
LF:5
LH:5
BRDA:13,0,0,6
BRDA:13,0,1,2
BRDA:17,1,0,22
BRDA:17,1,1,22
BRF:4
BRH:4
end_of_record
TN:
SF:src/DialogueTreeContainer.js
FN:7,DialogueTreeContainer
FN:12,(anonymous_1)
FN:14,(anonymous_2)
FN:19,(anonymous_3)
FN:29,(anonymous_4)
FN:37,(anonymous_5)
FNF:6
FNH:6
FNDA:8,DialogueTreeContainer
FNDA:1,(anonymous_1)
FNDA:1,(anonymous_2)
FNDA:2,(anonymous_3)
FNDA:3,(anonymous_4)
FNDA:6,(anonymous_5)
DA:19,8
DA:29,8
DA:30,3
DA:31,3
DA:32,3
DA:35,8
DA:37,8
DA:38,6
DA:39,6
DA:40,6
DA:41,2
DA:45,8
DA:57,1
LF:13
LH:13
BRDA:9,0,0,8
BRDA:12,1,0,2
BRDA:13,2,0,8
BRDA:14,3,0,2
BRDA:15,4,0,8
BRDA:16,5,0,8
BRDA:40,6,0,2
BRDA:40,6,1,4
BRF:8
BRH:8
end_of_record
TN:
SF:src/index.js
FNF:0
FNH:0
LF:0
LH:0
BRF:0
BRH:0
end_of_record
TN:
SF:src/use-force-update.js
FN:3,useForceUpdate
FN:5,(anonymous_1)
FN:5,(anonymous_2)
FNF:3
FNH:3
FNDA:8,useForceUpdate
FNDA:6,(anonymous_1)
FNDA:6,(anonymous_2)
DA:4,8
DA:5,8
LF:2
LH:2
BRF:0
BRH:0
end_of_record
