TN:
SF:src/ChatScroller.js
FN:3,ChatScroller
FN:6,(anonymous_1)
FN:15,(anonymous_2)
FNF:3
FNH:2
FNDA:8,ChatScroller
FNDA:8,(anonymous_1)
FNDA:0,(anonymous_2)
DA:4,8
DA:6,8
DA:7,8
DA:9,8
DA:15,8
DA:16,0
DA:17,0
DA:20,8
DA:23,8
LF:9
LH:7
BRDA:3,0,0,0
BRDA:7,1,0,0
BRDA:7,1,1,8
BRDA:7,2,0,8
BRDA:7,2,1,8
BRDA:17,3,0,0
BRDA:17,3,1,0
BRF:7
BRH:3
end_of_record
TN:
SF:src/DialogueNode.js
FN:3,DialogueNode
FN:16,(anonymous_1)
FN:17,(anonymous_2)
FN:24,(anonymous_3)
FNF:4
FNH:4
FNDA:22,DialogueNode
FNDA:15,(anonymous_1)
FNDA:7,(anonymous_2)
FNDA:1,(anonymous_3)
DA:14,22
DA:15,5
DA:16,15
DA:18,7
DA:24,1
DA:30,17
DA:38,22
LF:7
LH:7
BRDA:14,0,0,5
BRDA:14,0,1,17
BRDA:16,1,0,15
BRDA:16,1,1,12
BRDA:22,2,0,7
BRDA:22,2,1,1
BRDA:24,3,0,2
BRDA:24,3,1,5
BRDA:24,4,0,7
BRDA:24,4,1,3
BRDA:30,5,0,17
BRDA:30,5,1,5
BRDA:34,6,0,2
BRDA:34,6,1,3
BRDA:42,7,0,22
BRDA:42,7,1,10
BRF:16
BRH:16
end_of_record
TN:
SF:src/DialogueTree.js
FN:5,DialogueTree
FN:16,(anonymous_1)
FNF:2
FNH:2
FNDA:8,DialogueTree
FNDA:22,(anonymous_1)
DA:12,8
DA:13,8
DA:16,22
LF:3
LH:3
BRDA:12,0,0,6
BRDA:12,0,1,2
BRDA:16,1,0,22
BRDA:16,1,1,22
BRF:4
BRH:4
end_of_record
TN:
SF:src/DialogueTreeContainer.js
FN:6,DialogueTreeContainer
FN:11,(anonymous_1)
FN:13,(anonymous_2)
FN:17,(anonymous_3)
FN:26,(anonymous_4)
FN:34,(anonymous_5)
FNF:6
FNH:6
FNDA:8,DialogueTreeContainer
FNDA:1,(anonymous_1)
FNDA:1,(anonymous_2)
FNDA:2,(anonymous_3)
FNDA:3,(anonymous_4)
FNDA:6,(anonymous_5)
DA:17,8
DA:26,8
DA:27,3
DA:28,3
DA:29,3
DA:32,8
DA:34,8
DA:35,6
DA:36,6
DA:37,6
DA:38,2
DA:42,8
LF:12
LH:12
BRDA:8,0,0,8
BRDA:11,1,0,2
BRDA:12,2,0,8
BRDA:13,3,0,2
BRDA:14,4,0,8
BRDA:15,5,0,8
BRDA:37,6,0,2
BRDA:37,6,1,4
BRF:8
BRH:8
end_of_record
TN:
SF:src/use-force-update.js
FN:3,useForceUpdate
FN:5,(anonymous_1)
FN:5,(anonymous_2)
FNF:3
FNH:3
FNDA:8,useForceUpdate
FNDA:6,(anonymous_1)
FNDA:6,(anonymous_2)
DA:4,8
DA:5,8
LF:2
LH:2
BRF:0
BRH:0
end_of_record
